0 info it worked if it ends with ok
1 verbose cli [ '/usr/local/bin/node', '/usr/local/bin/npm', 'install' ]
2 info using npm@3.8.0
3 info using node@v5.5.0
4 silly loadCurrentTree Starting
5 silly install loadCurrentTree
6 silly install readLocalPackageData
7 silly install normalizeTree
8 silly loadCurrentTree Finishing
9 silly loadIdealTree Starting
10 silly install loadIdealTree
11 silly cloneCurrentTree Starting
12 silly install cloneCurrentTreeToIdealTree
13 silly cloneCurrentTree Finishing
14 silly loadShrinkwrap Starting
15 silly install loadShrinkwrap
16 silly loadShrinkwrap Finishing
17 silly loadAllDepsIntoIdealTree Starting
18 silly install loadAllDepsIntoIdealTree
19 silly loadAllDepsIntoIdealTree Finishing
20 silly idealTree:prePrune client@1.0.0
20 silly idealTree:prePrune ├── ammo@1.0.1
20 silly idealTree:prePrune ├── ansi-regex@2.0.0
20 silly idealTree:prePrune ├── ansi-styles@2.2.0
20 silly idealTree:prePrune ├── archy@1.0.0
20 silly idealTree:prePrune ├── array-differ@1.0.0
20 silly idealTree:prePrune ├── array-find-index@1.0.1
20 silly idealTree:prePrune ├── array-union@1.0.1
20 silly idealTree:prePrune ├── array-uniq@1.0.2
20 silly idealTree:prePrune ├── async@1.5.2
20 silly idealTree:prePrune ├── balanced-match@0.3.0
20 silly idealTree:prePrune ├── beeper@1.1.0
20 silly idealTree:prePrune ├── boom@2.10.1
20 silly idealTree:prePrune ├── bower@1.7.7
20 silly idealTree:prePrune ├── brace-expansion@1.1.3
20 silly idealTree:prePrune ├── builtin-modules@1.1.1
20 silly idealTree:prePrune ├── camelcase-keys@2.0.0
20 silly idealTree:prePrune ├── camelcase@2.1.0
20 silly idealTree:prePrune ├── chalk@1.1.1
20 silly idealTree:prePrune ├── clone-stats@0.0.1
20 silly idealTree:prePrune ├── clone@1.0.2
20 silly idealTree:prePrune ├── coffee-script@1.10.0
20 silly idealTree:prePrune ├── color-convert@1.0.0
20 silly idealTree:prePrune ├── concat-map@0.0.1
20 silly idealTree:prePrune ├── core-util-is@1.0.2
20 silly idealTree:prePrune ├── dateformat@1.0.12
20 silly idealTree:prePrune ├── decamelize@1.2.0
20 silly idealTree:prePrune ├── defaults@1.0.3
20 silly idealTree:prePrune ├── deprecated@0.0.1
20 silly idealTree:prePrune ├── duplexer@0.1.1
20 silly idealTree:prePrune ├── duplexer2@0.0.2
20 silly idealTree:prePrune ├─┬ duplexify@3.4.3
20 silly idealTree:prePrune │ ├── end-of-stream@1.0.0
20 silly idealTree:prePrune │ └── readable-stream@2.0.5
20 silly idealTree:prePrune ├── end-of-stream@0.1.5
20 silly idealTree:prePrune ├── error-ex@1.3.0
20 silly idealTree:prePrune ├── escape-string-regexp@1.0.5
20 silly idealTree:prePrune ├── event-stream@3.3.2
20 silly idealTree:prePrune ├── extend@2.0.1
20 silly idealTree:prePrune ├── fancy-log@1.2.0
20 silly idealTree:prePrune ├── find-index@0.1.1
20 silly idealTree:prePrune ├── find-up@1.1.2
20 silly idealTree:prePrune ├── findup-sync@0.3.0
20 silly idealTree:prePrune ├── first-chunk-stream@1.0.0
20 silly idealTree:prePrune ├── flagged-respawn@0.3.1
20 silly idealTree:prePrune ├── from@0.1.3
20 silly idealTree:prePrune ├── gaze@0.5.2
20 silly idealTree:prePrune ├── get-stdin@4.0.1
20 silly idealTree:prePrune ├─┬ glob-stream@3.1.18
20 silly idealTree:prePrune │ ├── glob@4.5.3
20 silly idealTree:prePrune │ ├── minimatch@2.0.10
20 silly idealTree:prePrune │ ├── readable-stream@1.0.33
20 silly idealTree:prePrune │ └── through2@0.6.5
20 silly idealTree:prePrune ├── glob-watcher@0.0.6
20 silly idealTree:prePrune ├── glob@5.0.15
20 silly idealTree:prePrune ├── glob2base@0.0.12
20 silly idealTree:prePrune ├── globby@2.1.0
20 silly idealTree:prePrune ├─┬ globule@0.1.0
20 silly idealTree:prePrune │ ├── glob@3.1.21
20 silly idealTree:prePrune │ ├── graceful-fs@1.2.3
20 silly idealTree:prePrune │ ├── inherits@1.0.2
20 silly idealTree:prePrune │ └── minimatch@0.2.14
20 silly idealTree:prePrune ├── glogg@1.0.0
20 silly idealTree:prePrune ├── graceful-fs@4.1.3
20 silly idealTree:prePrune ├─┬ gulp-debug@2.1.2
20 silly idealTree:prePrune │ └── object-assign@4.0.1
20 silly idealTree:prePrune ├── gulp-inject@3.0.0
20 silly idealTree:prePrune ├─┬ gulp-load-plugins@1.2.0
20 silly idealTree:prePrune │ ├── findup-sync@0.2.1
20 silly idealTree:prePrune │ ├── glob@4.3.5
20 silly idealTree:prePrune │ └── minimatch@2.0.10
20 silly idealTree:prePrune ├── gulp-util@3.0.7
20 silly idealTree:prePrune ├── gulp@3.9.1
20 silly idealTree:prePrune ├── gulplog@1.0.0
20 silly idealTree:prePrune ├─┬ hapi@11.1.4
20 silly idealTree:prePrune │ ├── accept@2.0.0
20 silly idealTree:prePrune │ ├── ammo@2.0.0
20 silly idealTree:prePrune │ ├── boom@3.0.0
20 silly idealTree:prePrune │ ├── call@3.0.0
20 silly idealTree:prePrune │ ├── catbox-memory@2.0.1
20 silly idealTree:prePrune │ ├── catbox@7.0.0
20 silly idealTree:prePrune │ ├── cryptiles@3.0.0
20 silly idealTree:prePrune │ ├── heavy@4.0.0
20 silly idealTree:prePrune │ ├── hoek@3.0.0
20 silly idealTree:prePrune │ ├── iron@3.0.1
20 silly idealTree:prePrune │ ├── items@2.0.0
20 silly idealTree:prePrune │ ├─┬ joi@7.0.0
20 silly idealTree:prePrune │ │ ├── isemail@2.0.0
20 silly idealTree:prePrune │ │ └── moment@2.10.6
20 silly idealTree:prePrune │ ├── kilt@2.0.0
20 silly idealTree:prePrune │ ├─┬ mimos@3.0.0
20 silly idealTree:prePrune │ │ └── mime-db@1.19.0
20 silly idealTree:prePrune │ ├── peekaboo@2.0.0
20 silly idealTree:prePrune │ ├── qs@6.0.0
20 silly idealTree:prePrune │ ├── shot@2.0.1
20 silly idealTree:prePrune │ ├── statehood@3.0.0
20 silly idealTree:prePrune │ ├─┬ subtext@3.0.1
20 silly idealTree:prePrune │ │ ├── content@3.0.0
20 silly idealTree:prePrune │ │ ├─┬ pez@2.0.1
20 silly idealTree:prePrune │ │ │ ├── b64@3.0.0
20 silly idealTree:prePrune │ │ │ └─┬ nigel@2.0.0
20 silly idealTree:prePrune │ │ │   └── vise@2.0.0
20 silly idealTree:prePrune │ │ └── wreck@7.0.0
20 silly idealTree:prePrune │ └── topo@2.0.0
20 silly idealTree:prePrune ├── has-ansi@2.0.0
20 silly idealTree:prePrune ├── has-gulplog@0.1.0
20 silly idealTree:prePrune ├── hoek@2.16.3
20 silly idealTree:prePrune ├── hosted-git-info@2.1.4
20 silly idealTree:prePrune ├── indent-string@2.1.0
20 silly idealTree:prePrune ├── inert@3.2.0
20 silly idealTree:prePrune ├── inflight@1.0.4
20 silly idealTree:prePrune ├── inherits@2.0.1
20 silly idealTree:prePrune ├── inject@1.0.0-beta2
20 silly idealTree:prePrune ├── interpret@1.0.0
20 silly idealTree:prePrune ├── irregular-plurals@1.1.0
20 silly idealTree:prePrune ├── is-arrayish@0.2.1
20 silly idealTree:prePrune ├── is-builtin-module@1.0.0
20 silly idealTree:prePrune ├── is-finite@1.0.1
20 silly idealTree:prePrune ├── is-plain-obj@1.1.0
20 silly idealTree:prePrune ├── is-regexp@1.0.0
20 silly idealTree:prePrune ├── is-utf8@0.2.1
20 silly idealTree:prePrune ├── isarray@0.0.1
20 silly idealTree:prePrune ├── isemail@1.2.0
20 silly idealTree:prePrune ├── items@1.1.1
20 silly idealTree:prePrune ├── joi@6.10.1
20 silly idealTree:prePrune ├── json-stable-stringify@1.0.1
20 silly idealTree:prePrune ├── jsonify@0.0.0
20 silly idealTree:prePrune ├── liftoff@2.2.0
20 silly idealTree:prePrune ├── load-json-file@1.1.0
20 silly idealTree:prePrune ├── lodash._basecopy@3.0.1
20 silly idealTree:prePrune ├── lodash._basetostring@3.0.1
20 silly idealTree:prePrune ├── lodash._basevalues@3.0.0
20 silly idealTree:prePrune ├── lodash._getnative@3.9.1
20 silly idealTree:prePrune ├── lodash._isiterateecall@3.0.9
20 silly idealTree:prePrune ├── lodash._reescape@3.0.0
20 silly idealTree:prePrune ├── lodash._reevaluate@3.0.0
20 silly idealTree:prePrune ├── lodash._reinterpolate@3.0.0
20 silly idealTree:prePrune ├── lodash._root@3.0.1
20 silly idealTree:prePrune ├── lodash.escape@3.2.0
20 silly idealTree:prePrune ├── lodash.isarguments@3.0.8
20 silly idealTree:prePrune ├── lodash.isarray@3.0.4
20 silly idealTree:prePrune ├── lodash.keys@3.1.2
20 silly idealTree:prePrune ├── lodash.restparam@3.6.1
20 silly idealTree:prePrune ├── lodash.template@3.6.2
20 silly idealTree:prePrune ├── lodash.templatesettings@3.1.1
20 silly idealTree:prePrune ├── lodash@1.0.2
20 silly idealTree:prePrune ├── loud-rejection@1.3.0
20 silly idealTree:prePrune ├── lru-cache@2.7.3
20 silly idealTree:prePrune ├─┬ main-bower-files@2.11.1
20 silly idealTree:prePrune │ ├── clone@0.2.0
20 silly idealTree:prePrune │ ├── glob-stream@4.1.1
20 silly idealTree:prePrune │ ├── glob-watcher@0.0.8
20 silly idealTree:prePrune │ ├── glob@4.5.3
20 silly idealTree:prePrune │ ├── graceful-fs@3.0.8
20 silly idealTree:prePrune │ ├── minimatch@2.0.10
20 silly idealTree:prePrune │ ├── object-assign@2.1.1
20 silly idealTree:prePrune │ ├── path-exists@1.0.0
20 silly idealTree:prePrune │ ├── readable-stream@1.0.33
20 silly idealTree:prePrune │ ├── strip-bom@1.0.0
20 silly idealTree:prePrune │ ├── through2@0.6.5
20 silly idealTree:prePrune │ ├── unique-stream@2.2.1
20 silly idealTree:prePrune │ ├── vinyl-fs@1.0.0
20 silly idealTree:prePrune │ └── vinyl@0.4.6
20 silly idealTree:prePrune ├── map-obj@1.0.1
20 silly idealTree:prePrune ├── map-stream@0.1.0
20 silly idealTree:prePrune ├─┬ meow@3.7.0
20 silly idealTree:prePrune │ └── object-assign@4.0.1
20 silly idealTree:prePrune ├─┬ merge-stream@0.1.8
20 silly idealTree:prePrune │ ├── readable-stream@1.0.33
20 silly idealTree:prePrune │ └── through2@0.6.5
20 silly idealTree:prePrune ├── minimatch@3.0.0
20 silly idealTree:prePrune ├── minimist@1.2.0
20 silly idealTree:prePrune ├─┬ mkdirp@0.5.1
20 silly idealTree:prePrune │ └── minimist@0.0.8
20 silly idealTree:prePrune ├── moment@2.12.0
20 silly idealTree:prePrune ├─┬ multimatch@2.0.0
20 silly idealTree:prePrune │ └── minimatch@2.0.10
20 silly idealTree:prePrune ├── multipipe@0.1.2
20 silly idealTree:prePrune ├── normalize-package-data@2.3.5
20 silly idealTree:prePrune ├── number-is-nan@1.0.0
20 silly idealTree:prePrune ├── object-assign@3.0.0
20 silly idealTree:prePrune ├── once@1.3.3
20 silly idealTree:prePrune ├── orchestrator@0.3.7
20 silly idealTree:prePrune ├── ordered-read-streams@0.1.0
20 silly idealTree:prePrune ├── os-homedir@1.0.1
20 silly idealTree:prePrune ├── parse-json@2.2.0
20 silly idealTree:prePrune ├── path-exists@2.1.0
20 silly idealTree:prePrune ├── path-is-absolute@1.0.0
20 silly idealTree:prePrune ├── path-type@1.1.0
20 silly idealTree:prePrune ├── pause-stream@0.0.11
20 silly idealTree:prePrune ├── pify@2.3.0
20 silly idealTree:prePrune ├── pinkie-promise@2.0.0
20 silly idealTree:prePrune ├── pinkie@2.0.4
20 silly idealTree:prePrune ├── plur@2.1.2
20 silly idealTree:prePrune ├── pretty-hrtime@1.0.2
20 silly idealTree:prePrune ├── process-nextick-args@1.0.6
20 silly idealTree:prePrune ├── read-pkg-up@1.0.1
20 silly idealTree:prePrune ├── read-pkg@1.1.0
20 silly idealTree:prePrune ├── readable-stream@1.1.13
20 silly idealTree:prePrune ├── rechoir@0.6.2
20 silly idealTree:prePrune ├── redent@1.0.0
20 silly idealTree:prePrune ├── repeating@2.0.0
20 silly idealTree:prePrune ├── replace-ext@0.0.1
20 silly idealTree:prePrune ├── resolve@1.1.7
20 silly idealTree:prePrune ├── semver@4.3.6
20 silly idealTree:prePrune ├── sequencify@0.0.7
20 silly idealTree:prePrune ├── sigmund@1.0.1
20 silly idealTree:prePrune ├── signal-exit@2.1.2
20 silly idealTree:prePrune ├── sparkles@1.0.0
20 silly idealTree:prePrune ├── spdx-correct@1.0.2
20 silly idealTree:prePrune ├── spdx-exceptions@1.0.4
20 silly idealTree:prePrune ├── spdx-expression-parse@1.0.2
20 silly idealTree:prePrune ├── spdx-license-ids@1.2.0
20 silly idealTree:prePrune ├── split@0.3.3
20 silly idealTree:prePrune ├── stream-combiner@0.0.4
20 silly idealTree:prePrune ├── stream-consume@0.1.0
20 silly idealTree:prePrune ├── string_decoder@0.10.31
20 silly idealTree:prePrune ├── stringify-object@2.3.1
20 silly idealTree:prePrune ├── strip-ansi@3.0.1
20 silly idealTree:prePrune ├── strip-bom@2.0.0
20 silly idealTree:prePrune ├── strip-indent@1.0.1
20 silly idealTree:prePrune ├── strip-json-comments@1.0.4
20 silly idealTree:prePrune ├── supports-color@2.0.0
20 silly idealTree:prePrune ├── through@2.3.8
20 silly idealTree:prePrune ├── through2-filter@2.0.0
20 silly idealTree:prePrune ├─┬ through2@2.0.1
20 silly idealTree:prePrune │ └── readable-stream@2.0.5
20 silly idealTree:prePrune ├── tildify@1.1.2
20 silly idealTree:prePrune ├── time-stamp@1.0.0
20 silly idealTree:prePrune ├── topo@1.1.0
20 silly idealTree:prePrune ├── trim-newlines@1.0.0
20 silly idealTree:prePrune ├── underscore@1.8.3
20 silly idealTree:prePrune ├── unique-stream@1.0.0
20 silly idealTree:prePrune ├── user-home@1.1.1
20 silly idealTree:prePrune ├── util-deprecate@1.0.2
20 silly idealTree:prePrune ├── v8flags@2.0.11
20 silly idealTree:prePrune ├── validate-npm-package-license@3.0.1
20 silly idealTree:prePrune ├─┬ vinyl-fs@0.3.14
20 silly idealTree:prePrune │ ├── clone@0.2.0
20 silly idealTree:prePrune │ ├── graceful-fs@3.0.8
20 silly idealTree:prePrune │ ├── readable-stream@1.0.33
20 silly idealTree:prePrune │ ├── strip-bom@1.0.0
20 silly idealTree:prePrune │ ├── through2@0.6.5
20 silly idealTree:prePrune │ └── vinyl@0.4.6
20 silly idealTree:prePrune ├── vinyl@0.5.3
20 silly idealTree:prePrune ├── wrappy@1.0.1
20 silly idealTree:prePrune └── xtend@4.0.1
21 silly loadIdealTree Finishing
22 silly currentTree client@1.0.0
22 silly currentTree ├── ammo@1.0.1
22 silly currentTree ├── ansi-regex@2.0.0
22 silly currentTree ├── ansi-styles@2.2.0
22 silly currentTree ├── archy@1.0.0
22 silly currentTree ├── array-differ@1.0.0
22 silly currentTree ├── array-find-index@1.0.1
22 silly currentTree ├── array-union@1.0.1
22 silly currentTree ├── array-uniq@1.0.2
22 silly currentTree ├── async@1.5.2
22 silly currentTree ├── balanced-match@0.3.0
22 silly currentTree ├── beeper@1.1.0
22 silly currentTree ├── boom@2.10.1
22 silly currentTree ├── bower@1.7.7
22 silly currentTree ├── brace-expansion@1.1.3
22 silly currentTree ├── builtin-modules@1.1.1
22 silly currentTree ├── camelcase-keys@2.0.0
22 silly currentTree ├── camelcase@2.1.0
22 silly currentTree ├── chalk@1.1.1
22 silly currentTree ├── clone-stats@0.0.1
22 silly currentTree ├── clone@1.0.2
22 silly currentTree ├── coffee-script@1.10.0
22 silly currentTree ├── color-convert@1.0.0
22 silly currentTree ├── concat-map@0.0.1
22 silly currentTree ├── core-util-is@1.0.2
22 silly currentTree ├── dateformat@1.0.12
22 silly currentTree ├── decamelize@1.2.0
22 silly currentTree ├── defaults@1.0.3
22 silly currentTree ├── deprecated@0.0.1
22 silly currentTree ├── duplexer@0.1.1
22 silly currentTree ├── duplexer2@0.0.2
22 silly currentTree ├─┬ duplexify@3.4.3
22 silly currentTree │ ├── end-of-stream@1.0.0
22 silly currentTree │ └── readable-stream@2.0.5
22 silly currentTree ├── end-of-stream@0.1.5
22 silly currentTree ├── error-ex@1.3.0
22 silly currentTree ├── escape-string-regexp@1.0.5
22 silly currentTree ├── event-stream@3.3.2
22 silly currentTree ├── extend@2.0.1
22 silly currentTree ├── fancy-log@1.2.0
22 silly currentTree ├── find-index@0.1.1
22 silly currentTree ├── find-up@1.1.2
22 silly currentTree ├── findup-sync@0.3.0
22 silly currentTree ├── first-chunk-stream@1.0.0
22 silly currentTree ├── flagged-respawn@0.3.1
22 silly currentTree ├── from@0.1.3
22 silly currentTree ├── gaze@0.5.2
22 silly currentTree ├── get-stdin@4.0.1
22 silly currentTree ├─┬ glob-stream@3.1.18
22 silly currentTree │ ├── glob@4.5.3
22 silly currentTree │ ├── minimatch@2.0.10
22 silly currentTree │ ├── readable-stream@1.0.33
22 silly currentTree │ └── through2@0.6.5
22 silly currentTree ├── glob-watcher@0.0.6
22 silly currentTree ├── glob@5.0.15
22 silly currentTree ├── glob2base@0.0.12
22 silly currentTree ├── globby@2.1.0
22 silly currentTree ├─┬ globule@0.1.0
22 silly currentTree │ ├── glob@3.1.21
22 silly currentTree │ ├── graceful-fs@1.2.3
22 silly currentTree │ ├── inherits@1.0.2
22 silly currentTree │ └── minimatch@0.2.14
22 silly currentTree ├── glogg@1.0.0
22 silly currentTree ├── graceful-fs@4.1.3
22 silly currentTree ├─┬ gulp-debug@2.1.2
22 silly currentTree │ └── object-assign@4.0.1
22 silly currentTree ├── gulp-inject@3.0.0
22 silly currentTree ├─┬ gulp-load-plugins@1.2.0
22 silly currentTree │ ├── findup-sync@0.2.1
22 silly currentTree │ ├── glob@4.3.5
22 silly currentTree │ └── minimatch@2.0.10
22 silly currentTree ├── gulp-util@3.0.7
22 silly currentTree ├── gulp@3.9.1
22 silly currentTree ├── gulplog@1.0.0
22 silly currentTree ├─┬ hapi@11.1.4
22 silly currentTree │ ├── accept@2.0.0
22 silly currentTree │ ├── ammo@2.0.0
22 silly currentTree │ ├── boom@3.0.0
22 silly currentTree │ ├── call@3.0.0
22 silly currentTree │ ├── catbox-memory@2.0.1
22 silly currentTree │ ├── catbox@7.0.0
22 silly currentTree │ ├── cryptiles@3.0.0
22 silly currentTree │ ├── heavy@4.0.0
22 silly currentTree │ ├── hoek@3.0.0
22 silly currentTree │ ├── iron@3.0.1
22 silly currentTree │ ├── items@2.0.0
22 silly currentTree │ ├─┬ joi@7.0.0
22 silly currentTree │ │ ├── isemail@2.0.0
22 silly currentTree │ │ └── moment@2.10.6
22 silly currentTree │ ├── kilt@2.0.0
22 silly currentTree │ ├─┬ mimos@3.0.0
22 silly currentTree │ │ └── mime-db@1.19.0
22 silly currentTree │ ├── peekaboo@2.0.0
22 silly currentTree │ ├── qs@6.0.0
22 silly currentTree │ ├── shot@2.0.1
22 silly currentTree │ ├── statehood@3.0.0
22 silly currentTree │ ├─┬ subtext@3.0.1
22 silly currentTree │ │ ├── content@3.0.0
22 silly currentTree │ │ ├─┬ pez@2.0.1
22 silly currentTree │ │ │ ├── b64@3.0.0
22 silly currentTree │ │ │ └─┬ nigel@2.0.0
22 silly currentTree │ │ │   └── vise@2.0.0
22 silly currentTree │ │ └── wreck@7.0.0
22 silly currentTree │ └── topo@2.0.0
22 silly currentTree ├── has-ansi@2.0.0
22 silly currentTree ├── has-gulplog@0.1.0
22 silly currentTree ├── hoek@2.16.3
22 silly currentTree ├── hosted-git-info@2.1.4
22 silly currentTree ├── indent-string@2.1.0
22 silly currentTree ├── inert@3.2.0
22 silly currentTree ├── inflight@1.0.4
22 silly currentTree ├── inherits@2.0.1
22 silly currentTree ├── inject@1.0.0-beta2
22 silly currentTree ├── interpret@1.0.0
22 silly currentTree ├── irregular-plurals@1.1.0
22 silly currentTree ├── is-arrayish@0.2.1
22 silly currentTree ├── is-builtin-module@1.0.0
22 silly currentTree ├── is-finite@1.0.1
22 silly currentTree ├── is-plain-obj@1.1.0
22 silly currentTree ├── is-regexp@1.0.0
22 silly currentTree ├── is-utf8@0.2.1
22 silly currentTree ├── isarray@0.0.1
22 silly currentTree ├── isemail@1.2.0
22 silly currentTree ├── items@1.1.1
22 silly currentTree ├── joi@6.10.1
22 silly currentTree ├── json-stable-stringify@1.0.1
22 silly currentTree ├── jsonify@0.0.0
22 silly currentTree ├── liftoff@2.2.0
22 silly currentTree ├── load-json-file@1.1.0
22 silly currentTree ├── lodash._basecopy@3.0.1
22 silly currentTree ├── lodash._basetostring@3.0.1
22 silly currentTree ├── lodash._basevalues@3.0.0
22 silly currentTree ├── lodash._getnative@3.9.1
22 silly currentTree ├── lodash._isiterateecall@3.0.9
22 silly currentTree ├── lodash._reescape@3.0.0
22 silly currentTree ├── lodash._reevaluate@3.0.0
22 silly currentTree ├── lodash._reinterpolate@3.0.0
22 silly currentTree ├── lodash._root@3.0.1
22 silly currentTree ├── lodash.escape@3.2.0
22 silly currentTree ├── lodash.isarguments@3.0.8
22 silly currentTree ├── lodash.isarray@3.0.4
22 silly currentTree ├── lodash.keys@3.1.2
22 silly currentTree ├── lodash.restparam@3.6.1
22 silly currentTree ├── lodash.template@3.6.2
22 silly currentTree ├── lodash.templatesettings@3.1.1
22 silly currentTree ├── lodash@1.0.2
22 silly currentTree ├── loud-rejection@1.3.0
22 silly currentTree ├── lru-cache@2.7.3
22 silly currentTree ├─┬ main-bower-files@2.11.1
22 silly currentTree │ ├── clone@0.2.0
22 silly currentTree │ ├── glob-stream@4.1.1
22 silly currentTree │ ├── glob-watcher@0.0.8
22 silly currentTree │ ├── glob@4.5.3
22 silly currentTree │ ├── graceful-fs@3.0.8
22 silly currentTree │ ├── minimatch@2.0.10
22 silly currentTree │ ├── object-assign@2.1.1
22 silly currentTree │ ├── path-exists@1.0.0
22 silly currentTree │ ├── readable-stream@1.0.33
22 silly currentTree │ ├── strip-bom@1.0.0
22 silly currentTree │ ├── through2@0.6.5
22 silly currentTree │ ├── unique-stream@2.2.1
22 silly currentTree │ ├── vinyl-fs@1.0.0
22 silly currentTree │ └── vinyl@0.4.6
22 silly currentTree ├── map-obj@1.0.1
22 silly currentTree ├── map-stream@0.1.0
22 silly currentTree ├─┬ meow@3.7.0
22 silly currentTree │ └── object-assign@4.0.1
22 silly currentTree ├─┬ merge-stream@0.1.8
22 silly currentTree │ ├── readable-stream@1.0.33
22 silly currentTree │ └── through2@0.6.5
22 silly currentTree ├── minimatch@3.0.0
22 silly currentTree ├── minimist@1.2.0
22 silly currentTree ├─┬ mkdirp@0.5.1
22 silly currentTree │ └── minimist@0.0.8
22 silly currentTree ├── moment@2.12.0
22 silly currentTree ├─┬ multimatch@2.0.0
22 silly currentTree │ └── minimatch@2.0.10
22 silly currentTree ├── multipipe@0.1.2
22 silly currentTree ├── normalize-package-data@2.3.5
22 silly currentTree ├── number-is-nan@1.0.0
22 silly currentTree ├── object-assign@3.0.0
22 silly currentTree ├── once@1.3.3
22 silly currentTree ├── orchestrator@0.3.7
22 silly currentTree ├── ordered-read-streams@0.1.0
22 silly currentTree ├── os-homedir@1.0.1
22 silly currentTree ├── parse-json@2.2.0
22 silly currentTree ├── path-exists@2.1.0
22 silly currentTree ├── path-is-absolute@1.0.0
22 silly currentTree ├── path-type@1.1.0
22 silly currentTree ├── pause-stream@0.0.11
22 silly currentTree ├── pify@2.3.0
22 silly currentTree ├── pinkie-promise@2.0.0
22 silly currentTree ├── pinkie@2.0.4
22 silly currentTree ├── plur@2.1.2
22 silly currentTree ├── pretty-hrtime@1.0.2
22 silly currentTree ├── process-nextick-args@1.0.6
22 silly currentTree ├── read-pkg-up@1.0.1
22 silly currentTree ├── read-pkg@1.1.0
22 silly currentTree ├── readable-stream@1.1.13
22 silly currentTree ├── rechoir@0.6.2
22 silly currentTree ├── redent@1.0.0
22 silly currentTree ├── repeating@2.0.0
22 silly currentTree ├── replace-ext@0.0.1
22 silly currentTree ├── resolve@1.1.7
22 silly currentTree ├── semver@4.3.6
22 silly currentTree ├── sequencify@0.0.7
22 silly currentTree ├── sigmund@1.0.1
22 silly currentTree ├── signal-exit@2.1.2
22 silly currentTree ├── sparkles@1.0.0
22 silly currentTree ├── spdx-correct@1.0.2
22 silly currentTree ├── spdx-exceptions@1.0.4
22 silly currentTree ├── spdx-expression-parse@1.0.2
22 silly currentTree ├── spdx-license-ids@1.2.0
22 silly currentTree ├── split@0.3.3
22 silly currentTree ├── stream-combiner@0.0.4
22 silly currentTree ├── stream-consume@0.1.0
22 silly currentTree ├── string_decoder@0.10.31
22 silly currentTree ├── stringify-object@2.3.1
22 silly currentTree ├── strip-ansi@3.0.1
22 silly currentTree ├── strip-bom@2.0.0
22 silly currentTree ├── strip-indent@1.0.1
22 silly currentTree ├── strip-json-comments@1.0.4
22 silly currentTree ├── supports-color@2.0.0
22 silly currentTree ├── through@2.3.8
22 silly currentTree ├── through2-filter@2.0.0
22 silly currentTree ├─┬ through2@2.0.1
22 silly currentTree │ └── readable-stream@2.0.5
22 silly currentTree ├── tildify@1.1.2
22 silly currentTree ├── time-stamp@1.0.0
22 silly currentTree ├── topo@1.1.0
22 silly currentTree ├── trim-newlines@1.0.0
22 silly currentTree ├── underscore@1.8.3
22 silly currentTree ├── unique-stream@1.0.0
22 silly currentTree ├── user-home@1.1.1
22 silly currentTree ├── util-deprecate@1.0.2
22 silly currentTree ├── v8flags@2.0.11
22 silly currentTree ├── validate-npm-package-license@3.0.1
22 silly currentTree ├─┬ vinyl-fs@0.3.14
22 silly currentTree │ ├── clone@0.2.0
22 silly currentTree │ ├── graceful-fs@3.0.8
22 silly currentTree │ ├── readable-stream@1.0.33
22 silly currentTree │ ├── strip-bom@1.0.0
22 silly currentTree │ ├── through2@0.6.5
22 silly currentTree │ └── vinyl@0.4.6
22 silly currentTree ├── vinyl@0.5.3
22 silly currentTree ├── wrappy@1.0.1
22 silly currentTree └── xtend@4.0.1
23 silly idealTree client@1.0.0
23 silly idealTree ├── ammo@1.0.1
23 silly idealTree ├── ansi-regex@2.0.0
23 silly idealTree ├── ansi-styles@2.2.0
23 silly idealTree ├── archy@1.0.0
23 silly idealTree ├── array-differ@1.0.0
23 silly idealTree ├── array-find-index@1.0.1
23 silly idealTree ├── array-union@1.0.1
23 silly idealTree ├── array-uniq@1.0.2
23 silly idealTree ├── async@1.5.2
23 silly idealTree ├── balanced-match@0.3.0
23 silly idealTree ├── beeper@1.1.0
23 silly idealTree ├── boom@2.10.1
23 silly idealTree ├── bower@1.7.7
23 silly idealTree ├── brace-expansion@1.1.3
23 silly idealTree ├── builtin-modules@1.1.1
23 silly idealTree ├── camelcase-keys@2.0.0
23 silly idealTree ├── camelcase@2.1.0
23 silly idealTree ├── chalk@1.1.1
23 silly idealTree ├── clone-stats@0.0.1
23 silly idealTree ├── clone@1.0.2
23 silly idealTree ├── coffee-script@1.10.0
23 silly idealTree ├── color-convert@1.0.0
23 silly idealTree ├── concat-map@0.0.1
23 silly idealTree ├── core-util-is@1.0.2
23 silly idealTree ├── dateformat@1.0.12
23 silly idealTree ├── decamelize@1.2.0
23 silly idealTree ├── defaults@1.0.3
23 silly idealTree ├── deprecated@0.0.1
23 silly idealTree ├── duplexer@0.1.1
23 silly idealTree ├── duplexer2@0.0.2
23 silly idealTree ├─┬ duplexify@3.4.3
23 silly idealTree │ ├── end-of-stream@1.0.0
23 silly idealTree │ └── readable-stream@2.0.5
23 silly idealTree ├── end-of-stream@0.1.5
23 silly idealTree ├── error-ex@1.3.0
23 silly idealTree ├── escape-string-regexp@1.0.5
23 silly idealTree ├── event-stream@3.3.2
23 silly idealTree ├── extend@2.0.1
23 silly idealTree ├── fancy-log@1.2.0
23 silly idealTree ├── find-index@0.1.1
23 silly idealTree ├── find-up@1.1.2
23 silly idealTree ├── findup-sync@0.3.0
23 silly idealTree ├── first-chunk-stream@1.0.0
23 silly idealTree ├── flagged-respawn@0.3.1
23 silly idealTree ├── from@0.1.3
23 silly idealTree ├── gaze@0.5.2
23 silly idealTree ├── get-stdin@4.0.1
23 silly idealTree ├─┬ glob-stream@3.1.18
23 silly idealTree │ ├── glob@4.5.3
23 silly idealTree │ ├── minimatch@2.0.10
23 silly idealTree │ ├── readable-stream@1.0.33
23 silly idealTree │ └── through2@0.6.5
23 silly idealTree ├── glob-watcher@0.0.6
23 silly idealTree ├── glob@5.0.15
23 silly idealTree ├── glob2base@0.0.12
23 silly idealTree ├── globby@2.1.0
23 silly idealTree ├─┬ globule@0.1.0
23 silly idealTree │ ├── glob@3.1.21
23 silly idealTree │ ├── graceful-fs@1.2.3
23 silly idealTree │ ├── inherits@1.0.2
23 silly idealTree │ └── minimatch@0.2.14
23 silly idealTree ├── glogg@1.0.0
23 silly idealTree ├── graceful-fs@4.1.3
23 silly idealTree ├─┬ gulp-debug@2.1.2
23 silly idealTree │ └── object-assign@4.0.1
23 silly idealTree ├── gulp-inject@3.0.0
23 silly idealTree ├─┬ gulp-load-plugins@1.2.0
23 silly idealTree │ ├── findup-sync@0.2.1
23 silly idealTree │ ├── glob@4.3.5
23 silly idealTree │ └── minimatch@2.0.10
23 silly idealTree ├── gulp-util@3.0.7
23 silly idealTree ├── gulp@3.9.1
23 silly idealTree ├── gulplog@1.0.0
23 silly idealTree ├─┬ hapi@11.1.4
23 silly idealTree │ ├── accept@2.0.0
23 silly idealTree │ ├── ammo@2.0.0
23 silly idealTree │ ├── boom@3.0.0
23 silly idealTree │ ├── call@3.0.0
23 silly idealTree │ ├── catbox-memory@2.0.1
23 silly idealTree │ ├── catbox@7.0.0
23 silly idealTree │ ├── cryptiles@3.0.0
23 silly idealTree │ ├── heavy@4.0.0
23 silly idealTree │ ├── hoek@3.0.0
23 silly idealTree │ ├── iron@3.0.1
23 silly idealTree │ ├── items@2.0.0
23 silly idealTree │ ├─┬ joi@7.0.0
23 silly idealTree │ │ ├── isemail@2.0.0
23 silly idealTree │ │ └── moment@2.10.6
23 silly idealTree │ ├── kilt@2.0.0
23 silly idealTree │ ├─┬ mimos@3.0.0
23 silly idealTree │ │ └── mime-db@1.19.0
23 silly idealTree │ ├── peekaboo@2.0.0
23 silly idealTree │ ├── qs@6.0.0
23 silly idealTree │ ├── shot@2.0.1
23 silly idealTree │ ├── statehood@3.0.0
23 silly idealTree │ ├─┬ subtext@3.0.1
23 silly idealTree │ │ ├── content@3.0.0
23 silly idealTree │ │ ├─┬ pez@2.0.1
23 silly idealTree │ │ │ ├── b64@3.0.0
23 silly idealTree │ │ │ └─┬ nigel@2.0.0
23 silly idealTree │ │ │   └── vise@2.0.0
23 silly idealTree │ │ └── wreck@7.0.0
23 silly idealTree │ └── topo@2.0.0
23 silly idealTree ├── has-ansi@2.0.0
23 silly idealTree ├── has-gulplog@0.1.0
23 silly idealTree ├── hoek@2.16.3
23 silly idealTree ├── hosted-git-info@2.1.4
23 silly idealTree ├── indent-string@2.1.0
23 silly idealTree ├── inert@3.2.0
23 silly idealTree ├── inflight@1.0.4
23 silly idealTree ├── inherits@2.0.1
23 silly idealTree ├── inject@1.0.0-beta2
23 silly idealTree ├── interpret@1.0.0
23 silly idealTree ├── irregular-plurals@1.1.0
23 silly idealTree ├── is-arrayish@0.2.1
23 silly idealTree ├── is-builtin-module@1.0.0
23 silly idealTree ├── is-finite@1.0.1
23 silly idealTree ├── is-plain-obj@1.1.0
23 silly idealTree ├── is-regexp@1.0.0
23 silly idealTree ├── is-utf8@0.2.1
23 silly idealTree ├── isarray@0.0.1
23 silly idealTree ├── isemail@1.2.0
23 silly idealTree ├── items@1.1.1
23 silly idealTree ├── joi@6.10.1
23 silly idealTree ├── json-stable-stringify@1.0.1
23 silly idealTree ├── jsonify@0.0.0
23 silly idealTree ├── liftoff@2.2.0
23 silly idealTree ├── load-json-file@1.1.0
23 silly idealTree ├── lodash._basecopy@3.0.1
23 silly idealTree ├── lodash._basetostring@3.0.1
23 silly idealTree ├── lodash._basevalues@3.0.0
23 silly idealTree ├── lodash._getnative@3.9.1
23 silly idealTree ├── lodash._isiterateecall@3.0.9
23 silly idealTree ├── lodash._reescape@3.0.0
23 silly idealTree ├── lodash._reevaluate@3.0.0
23 silly idealTree ├── lodash._reinterpolate@3.0.0
23 silly idealTree ├── lodash._root@3.0.1
23 silly idealTree ├── lodash.escape@3.2.0
23 silly idealTree ├── lodash.isarguments@3.0.8
23 silly idealTree ├── lodash.isarray@3.0.4
23 silly idealTree ├── lodash.keys@3.1.2
23 silly idealTree ├── lodash.restparam@3.6.1
23 silly idealTree ├── lodash.template@3.6.2
23 silly idealTree ├── lodash.templatesettings@3.1.1
23 silly idealTree ├── lodash@1.0.2
23 silly idealTree ├── loud-rejection@1.3.0
23 silly idealTree ├── lru-cache@2.7.3
23 silly idealTree ├─┬ main-bower-files@2.11.1
23 silly idealTree │ ├── clone@0.2.0
23 silly idealTree │ ├── glob-stream@4.1.1
23 silly idealTree │ ├── glob-watcher@0.0.8
23 silly idealTree │ ├── glob@4.5.3
23 silly idealTree │ ├── graceful-fs@3.0.8
23 silly idealTree │ ├── minimatch@2.0.10
23 silly idealTree │ ├── object-assign@2.1.1
23 silly idealTree │ ├── path-exists@1.0.0
23 silly idealTree │ ├── readable-stream@1.0.33
23 silly idealTree │ ├── strip-bom@1.0.0
23 silly idealTree │ ├── through2@0.6.5
23 silly idealTree │ ├── unique-stream@2.2.1
23 silly idealTree │ ├── vinyl-fs@1.0.0
23 silly idealTree │ └── vinyl@0.4.6
23 silly idealTree ├── map-obj@1.0.1
23 silly idealTree ├── map-stream@0.1.0
23 silly idealTree ├─┬ meow@3.7.0
23 silly idealTree │ └── object-assign@4.0.1
23 silly idealTree ├─┬ merge-stream@0.1.8
23 silly idealTree │ ├── readable-stream@1.0.33
23 silly idealTree │ └── through2@0.6.5
23 silly idealTree ├── minimatch@3.0.0
23 silly idealTree ├── minimist@1.2.0
23 silly idealTree ├─┬ mkdirp@0.5.1
23 silly idealTree │ └── minimist@0.0.8
23 silly idealTree ├── moment@2.12.0
23 silly idealTree ├─┬ multimatch@2.0.0
23 silly idealTree │ └── minimatch@2.0.10
23 silly idealTree ├── multipipe@0.1.2
23 silly idealTree ├── normalize-package-data@2.3.5
23 silly idealTree ├── number-is-nan@1.0.0
23 silly idealTree ├── object-assign@3.0.0
23 silly idealTree ├── once@1.3.3
23 silly idealTree ├── orchestrator@0.3.7
23 silly idealTree ├── ordered-read-streams@0.1.0
23 silly idealTree ├── os-homedir@1.0.1
23 silly idealTree ├── parse-json@2.2.0
23 silly idealTree ├── path-exists@2.1.0
23 silly idealTree ├── path-is-absolute@1.0.0
23 silly idealTree ├── path-type@1.1.0
23 silly idealTree ├── pause-stream@0.0.11
23 silly idealTree ├── pify@2.3.0
23 silly idealTree ├── pinkie-promise@2.0.0
23 silly idealTree ├── pinkie@2.0.4
23 silly idealTree ├── plur@2.1.2
23 silly idealTree ├── pretty-hrtime@1.0.2
23 silly idealTree ├── process-nextick-args@1.0.6
23 silly idealTree ├── read-pkg-up@1.0.1
23 silly idealTree ├── read-pkg@1.1.0
23 silly idealTree ├── readable-stream@1.1.13
23 silly idealTree ├── rechoir@0.6.2
23 silly idealTree ├── redent@1.0.0
23 silly idealTree ├── repeating@2.0.0
23 silly idealTree ├── replace-ext@0.0.1
23 silly idealTree ├── resolve@1.1.7
23 silly idealTree ├── semver@4.3.6
23 silly idealTree ├── sequencify@0.0.7
23 silly idealTree ├── sigmund@1.0.1
23 silly idealTree ├── signal-exit@2.1.2
23 silly idealTree ├── sparkles@1.0.0
23 silly idealTree ├── spdx-correct@1.0.2
23 silly idealTree ├── spdx-exceptions@1.0.4
23 silly idealTree ├── spdx-expression-parse@1.0.2
23 silly idealTree ├── spdx-license-ids@1.2.0
23 silly idealTree ├── split@0.3.3
23 silly idealTree ├── stream-combiner@0.0.4
23 silly idealTree ├── stream-consume@0.1.0
23 silly idealTree ├── string_decoder@0.10.31
23 silly idealTree ├── stringify-object@2.3.1
23 silly idealTree ├── strip-ansi@3.0.1
23 silly idealTree ├── strip-bom@2.0.0
23 silly idealTree ├── strip-indent@1.0.1
23 silly idealTree ├── strip-json-comments@1.0.4
23 silly idealTree ├── supports-color@2.0.0
23 silly idealTree ├── through@2.3.8
23 silly idealTree ├── through2-filter@2.0.0
23 silly idealTree ├─┬ through2@2.0.1
23 silly idealTree │ └── readable-stream@2.0.5
23 silly idealTree ├── tildify@1.1.2
23 silly idealTree ├── time-stamp@1.0.0
23 silly idealTree ├── topo@1.1.0
23 silly idealTree ├── trim-newlines@1.0.0
23 silly idealTree ├── underscore@1.8.3
23 silly idealTree ├── unique-stream@1.0.0
23 silly idealTree ├── user-home@1.1.1
23 silly idealTree ├── util-deprecate@1.0.2
23 silly idealTree ├── v8flags@2.0.11
23 silly idealTree ├── validate-npm-package-license@3.0.1
23 silly idealTree ├─┬ vinyl-fs@0.3.14
23 silly idealTree │ ├── clone@0.2.0
23 silly idealTree │ ├── graceful-fs@3.0.8
23 silly idealTree │ ├── readable-stream@1.0.33
23 silly idealTree │ ├── strip-bom@1.0.0
23 silly idealTree │ ├── through2@0.6.5
23 silly idealTree │ └── vinyl@0.4.6
23 silly idealTree ├── vinyl@0.5.3
23 silly idealTree ├── wrappy@1.0.1
23 silly idealTree └── xtend@4.0.1
24 silly generateActionsToTake Starting
25 silly install generateActionsToTake
26 silly generateActionsToTake Finishing
27 silly diffTrees action count 0
28 silly decomposeActions action count 0
29 silly executeActions Starting
30 silly install executeActions
31 silly doSerial global-install 0
32 silly doParallel fetch 0
33 verbose correctMkdir /Users/Brenda/.npm/_locks correctMkdir not in flight; initializing
34 verbose lock using /Users/Brenda/.npm/_locks/staging-32f798b8ad50e846.lock for /Users/Brenda/Progra4/LibrosBackendFrontend/angular-scaffold-frontend/node_modules/.staging
35 silly doParallel extract 0
36 silly doParallel preinstall 0
37 silly doReverseSerial remove 0
38 silly doSerial move 0
39 silly doSerial finalize 0
40 silly doSerial build 0
41 silly doSerial global-link 0
42 silly doParallel update-linked 0
43 silly doSerial install 0
44 silly doSerial postinstall 0
45 verbose unlock done using /Users/Brenda/.npm/_locks/staging-32f798b8ad50e846.lock for /Users/Brenda/Progra4/LibrosBackendFrontend/angular-scaffold-frontend/node_modules/.staging
46 silly executeActions Finishing
47 silly rollbackFailedOptional Starting
48 silly rollbackFailedOptional Finishing
49 silly runTopLevelLifecycles Starting
50 silly install runTopLevelLifecycles
51 silly preinstall client@1.0.0 /Users/Brenda/Progra4/LibrosBackendFrontend/angular-scaffold-frontend/client-6696acc2
52 info lifecycle client@1.0.0~preinstall: client@1.0.0
53 silly lifecycle client@1.0.0~preinstall: no script for preinstall, continuing
54 silly build client@1.0.0
55 info linkStuff client@1.0.0
56 silly linkStuff client@1.0.0 has /Users/Brenda/Progra4/LibrosBackendFrontend as its parent node_modules
57 verbose linkBins client@1.0.0
58 verbose linkMans client@1.0.0
59 silly install client@1.0.0 /Users/Brenda/Progra4/LibrosBackendFrontend/angular-scaffold-frontend/client-6696acc2
60 info lifecycle client@1.0.0~install: client@1.0.0
61 silly lifecycle client@1.0.0~install: no script for install, continuing
62 silly postinstall client@1.0.0 /Users/Brenda/Progra4/LibrosBackendFrontend/angular-scaffold-frontend/client-6696acc2
63 info lifecycle client@1.0.0~postinstall: client@1.0.0
64 verbose lifecycle client@1.0.0~postinstall: unsafe-perm in lifecycle true
65 verbose lifecycle client@1.0.0~postinstall: PATH: /usr/local/lib/node_modules/npm/bin/node-gyp-bin:/Users/Brenda/Progra4/LibrosBackendFrontend/angular-scaffold-frontend/node_modules/.bin:/usr/local/bin:/usr/local/bin:/usr/bin:/bin:/usr/sbin:/sbin:/usr/local/mongodb/bin
66 verbose lifecycle client@1.0.0~postinstall: CWD: /Users/Brenda/Progra4/LibrosBackendFrontend/angular-scaffold-frontend
67 silly lifecycle client@1.0.0~postinstall: Args: [ '-c', 'bower install && gulp index' ]
68 silly lifecycle client@1.0.0~postinstall: Returned: code: 1  signal: null
69 info lifecycle client@1.0.0~postinstall: Failed to exec postinstall script
70 verbose stack Error: client@1.0.0 postinstall: `bower install && gulp index`
70 verbose stack Exit status 1
70 verbose stack     at EventEmitter.<anonymous> (/usr/local/lib/node_modules/npm/lib/utils/lifecycle.js:239:16)
70 verbose stack     at emitTwo (events.js:100:13)
70 verbose stack     at EventEmitter.emit (events.js:185:7)
70 verbose stack     at ChildProcess.<anonymous> (/usr/local/lib/node_modules/npm/lib/utils/spawn.js:24:14)
70 verbose stack     at emitTwo (events.js:100:13)
70 verbose stack     at ChildProcess.emit (events.js:185:7)
70 verbose stack     at maybeClose (internal/child_process.js:821:16)
70 verbose stack     at Process.ChildProcess._handle.onexit (internal/child_process.js:211:5)
71 verbose pkgid client@1.0.0
72 verbose cwd /Users/Brenda/Progra4/LibrosBackendFrontend/angular-scaffold-frontend
73 error Darwin 15.3.0
74 error argv "/usr/local/bin/node" "/usr/local/bin/npm" "install"
75 error node v5.5.0
76 error npm  v3.8.0
77 error code ELIFECYCLE
78 error client@1.0.0 postinstall: `bower install && gulp index`
78 error Exit status 1
79 error Failed at the client@1.0.0 postinstall script 'bower install && gulp index'.
79 error Make sure you have the latest version of node.js and npm installed.
79 error If you do, this is most likely a problem with the client package,
79 error not with npm itself.
79 error Tell the author that this fails on your system:
79 error     bower install && gulp index
79 error You can get information on how to open an issue for this project with:
79 error     npm bugs client
79 error Or if that isn't available, you can get their info via:
79 error     npm owner ls client
79 error There is likely additional logging output above.
80 verbose exit [ 1, true ]
